{"contracts/attackVector/EvrynetReentrancy.sol":{"l":{"14":2,"18":2,"22":2,"26":4,"27":4,"28":4,"32":8,"33":2,"34":6,"35":4},"path":"/Users/nguyenducquang/workspace/smart-contract/evrynet-smartcontracts/contracts/attackVector/EvrynetReentrancy.sol","s":{"1":2,"2":2,"3":2,"4":4,"5":4,"6":4,"7":8,"8":2,"9":4},"b":{"1":[0,4],"2":[2,6],"3":[2,2]},"f":{"1":2,"2":2,"3":2,"4":4,"5":8},"fnMap":{"1":{"name":"constructor","line":13,"loc":{"start":{"line":13,"column":4},"end":{"line":13,"column":40}}},"2":{"name":"vote","line":17,"loc":{"start":{"line":17,"column":4},"end":{"line":17,"column":53}}},"3":{"name":"unvote","line":21,"loc":{"start":{"line":21,"column":4},"end":{"line":21,"column":63}}},"4":{"name":"doubleWithdraw","line":25,"loc":{"start":{"line":25,"column":4},"end":{"line":25,"column":50}}},"5":{"name":"","line":31,"loc":{"start":{"line":31,"column":4},"end":{"line":31,"column":29}}}},"statementMap":{"1":{"start":{"line":14,"column":8},"end":{"line":14,"column":46}},"2":{"start":{"line":18,"column":8},"end":{"line":18,"column":38}},"3":{"start":{"line":22,"column":8},"end":{"line":22,"column":44}},"4":{"start":{"line":26,"column":8},"end":{"line":26,"column":18}},"5":{"start":{"line":27,"column":8},"end":{"line":27,"column":21}},"6":{"start":{"line":28,"column":8},"end":{"line":28,"column":76}},"7":{"start":{"line":32,"column":8},"end":{"line":32,"column":819}},"8":{"start":{"line":33,"column":12},"end":{"line":33,"column":18}},"9":{"start":{"line":35,"column":8},"end":{"line":35,"column":80}}},"branchMap":{"1":{"line":28,"type":"if","locations":[{"start":{"line":28,"column":8},"end":{"line":28,"column":8}},{"start":{"line":28,"column":8},"end":{"line":28,"column":8}}]},"2":{"line":32,"type":"if","locations":[{"start":{"line":32,"column":8},"end":{"line":32,"column":8}},{"start":{"line":32,"column":8},"end":{"line":32,"column":8}}]},"3":{"line":35,"type":"if","locations":[{"start":{"line":35,"column":8},"end":{"line":35,"column":8}},{"start":{"line":35,"column":8},"end":{"line":35,"column":8}}]}}},"contracts/attackVector/MockEvrynetStaking.sol":{"l":{"34":6,"35":6,"36":6,"38":6,"39":6,"41":6,"42":6,"43":4,"44":4},"path":"/Users/nguyenducquang/workspace/smart-contract/evrynet-smartcontracts/contracts/attackVector/MockEvrynetStaking.sol","s":{"1":6,"2":6,"3":6,"4":6,"5":6,"6":6,"7":6,"8":4,"9":4},"b":{"1":[6,0],"2":[6,0],"3":[4,2]},"f":{"1":1,"2":6},"fnMap":{"1":{"name":"constructor","line":6,"loc":{"start":{"line":6,"column":4},"end":{"line":27,"column":5}}},"2":{"name":"withdraw","line":29,"loc":{"start":{"line":29,"column":4},"end":{"line":33,"column":5}}}},"statementMap":{"1":{"start":{"line":34,"column":8},"end":{"line":34,"column":44}},"2":{"start":{"line":35,"column":8},"end":{"line":35,"column":70}},"3":{"start":{"line":36,"column":8},"end":{"line":36,"column":43}},"4":{"start":{"line":38,"column":8},"end":{"line":38,"column":59}},"5":{"start":{"line":39,"column":8},"end":{"line":39,"column":47}},"6":{"start":{"line":41,"column":8},"end":{"line":41,"column":60}},"7":{"start":{"line":42,"column":8},"end":{"line":42,"column":49}},"8":{"start":{"line":43,"column":8},"end":{"line":43,"column":45}},"9":{"start":{"line":44,"column":8},"end":{"line":44,"column":19}}},"branchMap":{"1":{"line":35,"type":"if","locations":[{"start":{"line":35,"column":8},"end":{"line":35,"column":8}},{"start":{"line":35,"column":8},"end":{"line":35,"column":8}}]},"2":{"line":39,"type":"if","locations":[{"start":{"line":39,"column":8},"end":{"line":39,"column":8}},{"start":{"line":39,"column":8},"end":{"line":39,"column":8}}]},"3":{"line":42,"type":"if","locations":[{"start":{"line":42,"column":8},"end":{"line":42,"column":8}},{"start":{"line":42,"column":8},"end":{"line":42,"column":8}}]}}},"contracts/EvrynetStaking.sol":{"l":{"22":37,"23":37,"24":37,"25":15,"72":156,"73":146,"77":25,"78":19,"82":139,"83":137,"87":6,"88":4,"92":19,"93":17,"102":17,"103":15,"104":15,"105":15,"106":13,"107":3,"110":10,"111":10,"113":9,"137":14,"138":12,"139":10,"141":8,"142":8,"143":8,"144":8,"146":8,"147":8,"148":17,"153":17,"154":17,"157":8,"158":8,"164":4,"165":2,"169":1,"173":1,"183":13,"184":13,"186":13,"188":11,"191":13,"192":13,"194":13,"206":9,"207":9,"209":9,"211":9,"214":9,"215":9,"217":9,"219":9,"232":137,"233":135,"235":133,"237":133,"239":131,"244":131,"245":131,"247":131,"259":4,"261":4,"264":4,"265":10,"266":4,"267":4,"268":4,"269":4,"273":4,"275":4,"276":4,"278":4,"281":4,"282":4,"284":4,"286":4,"297":7,"298":7,"300":5,"302":5,"303":5,"307":5,"310":3,"312":1,"316":7,"317":7,"319":5,"321":5,"322":5,"324":3,"326":1,"328":1,"330":1,"331":1,"332":1,"335":1,"337":1,"341":1,"345":36,"355":2,"356":2,"357":2,"358":2,"359":2,"360":2,"361":5,"366":4,"370":4,"374":3,"378":1,"382":3,"383":3,"384":3,"385":6,"390":5,"397":3,"398":3,"399":3,"403":2,"407":1,"408":1,"409":2,"417":12},"path":"/Users/nguyenducquang/workspace/smart-contract/evrynet-smartcontracts/contracts/EvrynetStaking.sol","s":{"1":37,"2":37,"3":15,"4":156,"5":25,"6":139,"7":6,"8":19,"9":17,"10":15,"11":15,"12":15,"13":13,"14":3,"15":10,"16":10,"17":14,"18":12,"19":10,"20":8,"21":8,"22":8,"23":8,"24":8,"25":8,"26":17,"27":17,"28":17,"29":8,"30":8,"31":4,"32":2,"33":1,"34":1,"35":13,"36":13,"37":13,"38":11,"39":13,"40":13,"41":13,"42":9,"43":9,"44":9,"45":9,"46":9,"47":9,"48":9,"49":9,"50":137,"51":135,"52":133,"53":133,"54":131,"55":131,"56":131,"57":131,"58":4,"59":4,"60":4,"61":10,"62":4,"63":4,"64":4,"65":4,"66":4,"67":4,"68":4,"69":4,"70":4,"71":7,"72":7,"73":5,"74":5,"75":5,"76":5,"77":3,"78":1,"79":7,"80":7,"81":5,"82":5,"83":5,"84":3,"85":1,"86":1,"87":1,"88":1,"89":1,"90":36,"91":2,"92":2,"93":2,"94":2,"95":2,"96":2,"97":5,"98":4,"99":4,"100":3,"101":1,"102":3,"103":3,"104":3,"105":6,"106":5,"107":3,"108":3,"109":3,"110":2,"111":1,"112":1,"113":2,"114":12},"b":{"1":[13,2],"2":[146,10],"3":[19,6],"4":[137,2],"5":[4,2],"6":[17,2],"7":[15,2],"8":[13,2],"9":[3,10],"10":[1,2],"11":[8,2],"12":[12,2],"13":[10,2],"14":[8,2],"15":[2,2],"16":[11,2],"17":[135,2],"18":[133,2],"19":[131,2],"20":[4,6],"21":[5,2],"22":[3,2],"23":[5,2],"24":[3,2],"25":[1,2]},"f":{"1":37,"2":156,"3":25,"4":139,"5":6,"6":19,"7":17,"8":14,"9":2,"10":4,"11":1,"12":1,"13":13,"14":9,"15":137,"16":4,"17":7,"18":7,"19":1,"20":36,"21":2,"22":4,"23":4,"24":3,"25":1,"26":3,"27":5,"28":3,"29":2,"30":1,"31":12},"fnMap":{"1":{"name":"nonReentrant","line":21,"loc":{"start":{"line":21,"column":4},"end":{"line":21,"column":25}}},"2":{"name":"onlyAdmin","line":71,"loc":{"start":{"line":71,"column":4},"end":{"line":71,"column":20}}},"3":{"name":"onlyActiveCandidate","line":76,"loc":{"start":{"line":76,"column":4},"end":{"line":76,"column":49}}},"4":{"name":"onlyNotCandidate","line":81,"loc":{"start":{"line":81,"column":4},"end":{"line":81,"column":46}}},"5":{"name":"onlyCandidateOwner","line":86,"loc":{"start":{"line":86,"column":4},"end":{"line":86,"column":48}}},"6":{"name":"onlyValidVoteCap","line":91,"loc":{"start":{"line":91,"column":4},"end":{"line":91,"column":27}}},"7":{"name":"onlyValidUnvoteAmount","line":101,"loc":{"start":{"line":101,"column":4},"end":{"line":101,"column":67}}},"8":{"name":"constructor","line":127,"loc":{"start":{"line":127,"column":4},"end":{"line":136,"column":5}}},"9":{"name":"","line":161,"loc":{"start":{"line":161,"column":4},"end":{"line":161,"column":30}}},"10":{"name":"transferAdmin","line":163,"loc":{"start":{"line":163,"column":4},"end":{"line":163,"column":61}}},"11":{"name":"updateMinValidateStake","line":168,"loc":{"start":{"line":168,"column":4},"end":{"line":168,"column":66}}},"12":{"name":"updateMinVoteCap","line":172,"loc":{"start":{"line":172,"column":4},"end":{"line":172,"column":60}}},"13":{"name":"vote","line":182,"loc":{"start":{"line":182,"column":4},"end":{"line":182,"column":99}}},"14":{"name":"unvote","line":205,"loc":{"start":{"line":205,"column":4},"end":{"line":205,"column":112}}},"15":{"name":"register","line":231,"loc":{"start":{"line":231,"column":4},"end":{"line":231,"column":103}}},"16":{"name":"resign","line":258,"loc":{"start":{"line":258,"column":4},"end":{"line":258,"column":109}}},"17":{"name":"withdraw","line":296,"loc":{"start":{"line":296,"column":4},"end":{"line":296,"column":96}}},"18":{"name":"withdrawWithIndex","line":315,"loc":{"start":{"line":315,"column":4},"end":{"line":315,"column":117}}},"19":{"name":"updateMaxValidatorSize","line":340,"loc":{"start":{"line":340,"column":4},"end":{"line":340,"column":78}}},"20":{"name":"getCurrentEpoch","line":344,"loc":{"start":{"line":344,"column":4},"end":{"line":344,"column":54}}},"21":{"name":"getListCandidates","line":351,"loc":{"start":{"line":351,"column":4},"end":{"line":354,"column":5}}},"22":{"name":"getCandidateStake","line":365,"loc":{"start":{"line":365,"column":4},"end":{"line":365,"column":77}}},"23":{"name":"getCandidateOwner","line":369,"loc":{"start":{"line":369,"column":4},"end":{"line":369,"column":77}}},"24":{"name":"isCandidate","line":373,"loc":{"start":{"line":373,"column":4},"end":{"line":373,"column":68}}},"25":{"name":"getWithdrawEpochs","line":377,"loc":{"start":{"line":377,"column":4},"end":{"line":377,"column":72}}},"26":{"name":"getWithdrawEpochsAndCaps","line":381,"loc":{"start":{"line":381,"column":4},"end":{"line":381,"column":99}}},"27":{"name":"getWithdrawCap","line":389,"loc":{"start":{"line":389,"column":4},"end":{"line":389,"column":67}}},"28":{"name":"getCandidateData","line":393,"loc":{"start":{"line":393,"column":4},"end":{"line":396,"column":5}}},"29":{"name":"getVoters","line":402,"loc":{"start":{"line":402,"column":4},"end":{"line":402,"column":85}}},"30":{"name":"getVoterStakes","line":406,"loc":{"start":{"line":406,"column":4},"end":{"line":406,"column":112}}},"31":{"name":"getVoterStake","line":413,"loc":{"start":{"line":413,"column":4},"end":{"line":416,"column":5}}}},"statementMap":{"1":{"start":{"line":22,"column":8},"end":{"line":22,"column":24}},"2":{"start":{"line":23,"column":8},"end":{"line":23,"column":43}},"3":{"start":{"line":25,"column":8},"end":{"line":25,"column":57}},"4":{"start":{"line":72,"column":8},"end":{"line":72,"column":49}},"5":{"start":{"line":77,"column":8},"end":{"line":77,"column":85}},"6":{"start":{"line":82,"column":8},"end":{"line":82,"column":90}},"7":{"start":{"line":87,"column":8},"end":{"line":87,"column":73}},"8":{"start":{"line":92,"column":8},"end":{"line":92,"column":58}},"9":{"start":{"line":102,"column":8},"end":{"line":102,"column":51}},"10":{"start":{"line":103,"column":8},"end":{"line":103,"column":34}},"11":{"start":{"line":104,"column":8},"end":{"line":104,"column":69}},"12":{"start":{"line":105,"column":8},"end":{"line":105,"column":58}},"13":{"start":{"line":106,"column":8},"end":{"line":106,"column":3153}},"14":{"start":{"line":107,"column":12},"end":{"line":107,"column":95}},"15":{"start":{"line":110,"column":12},"end":{"line":110,"column":49}},"16":{"start":{"line":111,"column":12},"end":{"line":111,"column":84}},"17":{"start":{"line":137,"column":8},"end":{"line":137,"column":58}},"18":{"start":{"line":138,"column":8},"end":{"line":138,"column":80}},"19":{"start":{"line":139,"column":8},"end":{"line":139,"column":84}},"20":{"start":{"line":141,"column":8},"end":{"line":141,"column":33}},"21":{"start":{"line":142,"column":8},"end":{"line":142,"column":43}},"22":{"start":{"line":143,"column":8},"end":{"line":143,"column":45}},"23":{"start":{"line":144,"column":8},"end":{"line":144,"column":32}},"24":{"start":{"line":146,"column":8},"end":{"line":146,"column":31}},"25":{"start":{"line":147,"column":8},"end":{"line":147,"column":4873}},"26":{"start":{"line":148,"column":12},"end":{"line":148,"column":4937}},"27":{"start":{"line":153,"column":12},"end":{"line":153,"column":92}},"28":{"start":{"line":154,"column":12},"end":{"line":154,"column":67}},"29":{"start":{"line":157,"column":8},"end":{"line":157,"column":21}},"30":{"start":{"line":158,"column":8},"end":{"line":158,"column":31}},"31":{"start":{"line":164,"column":8},"end":{"line":164,"column":49}},"32":{"start":{"line":165,"column":8},"end":{"line":165,"column":23}},"33":{"start":{"line":169,"column":8},"end":{"line":169,"column":34}},"34":{"start":{"line":173,"column":8},"end":{"line":173,"column":28}},"35":{"start":{"line":183,"column":8},"end":{"line":183,"column":31}},"36":{"start":{"line":184,"column":8},"end":{"line":184,"column":34}},"37":{"start":{"line":186,"column":8},"end":{"line":186,"column":6155}},"38":{"start":{"line":188,"column":12},"end":{"line":188,"column":49}},"39":{"start":{"line":191,"column":8},"end":{"line":191,"column":106}},"40":{"start":{"line":192,"column":8},"end":{"line":192,"column":92}},"41":{"start":{"line":194,"column":8},"end":{"line":194,"column":44}},"42":{"start":{"line":206,"column":8},"end":{"line":206,"column":41}},"43":{"start":{"line":207,"column":8},"end":{"line":207,"column":34}},"44":{"start":{"line":209,"column":8},"end":{"line":209,"column":106}},"45":{"start":{"line":211,"column":8},"end":{"line":211,"column":92}},"46":{"start":{"line":214,"column":8},"end":{"line":214,"column":63}},"47":{"start":{"line":215,"column":8},"end":{"line":215,"column":104}},"48":{"start":{"line":217,"column":8},"end":{"line":217,"column":55}},"49":{"start":{"line":219,"column":8},"end":{"line":219,"column":46}},"50":{"start":{"line":232,"column":8},"end":{"line":232,"column":73}},"51":{"start":{"line":233,"column":8},"end":{"line":233,"column":65}},"52":{"start":{"line":235,"column":8},"end":{"line":235,"column":65}},"53":{"start":{"line":237,"column":8},"end":{"line":237,"column":73}},"54":{"start":{"line":239,"column":8},"end":{"line":239,"column":8532}},"55":{"start":{"line":244,"column":8},"end":{"line":244,"column":34}},"56":{"start":{"line":245,"column":8},"end":{"line":245,"column":47}},"57":{"start":{"line":247,"column":8},"end":{"line":247,"column":43}},"58":{"start":{"line":259,"column":8},"end":{"line":259,"column":42}},"59":{"start":{"line":261,"column":8},"end":{"line":261,"column":41}},"60":{"start":{"line":264,"column":8},"end":{"line":264,"column":9423}},"61":{"start":{"line":265,"column":12},"end":{"line":265,"column":9485}},"62":{"start":{"line":266,"column":16},"end":{"line":266,"column":64}},"63":{"start":{"line":273,"column":8},"end":{"line":273,"column":52}},"64":{"start":{"line":275,"column":8},"end":{"line":275,"column":69}},"65":{"start":{"line":276,"column":8},"end":{"line":276,"column":54}},"66":{"start":{"line":278,"column":8},"end":{"line":278,"column":98}},"67":{"start":{"line":281,"column":8},"end":{"line":281,"column":65}},"68":{"start":{"line":282,"column":8},"end":{"line":282,"column":104}},"69":{"start":{"line":284,"column":8},"end":{"line":284,"column":53}},"70":{"start":{"line":286,"column":8},"end":{"line":286,"column":43}},"71":{"start":{"line":297,"column":8},"end":{"line":297,"column":41}},"72":{"start":{"line":298,"column":8},"end":{"line":298,"column":70}},"73":{"start":{"line":300,"column":8},"end":{"line":300,"column":43}},"74":{"start":{"line":302,"column":8},"end":{"line":302,"column":56}},"75":{"start":{"line":303,"column":8},"end":{"line":303,"column":45}},"76":{"start":{"line":307,"column":8},"end":{"line":307,"column":47}},"77":{"start":{"line":310,"column":8},"end":{"line":310,"column":35}},"78":{"start":{"line":312,"column":8},"end":{"line":312,"column":19}},"79":{"start":{"line":316,"column":8},"end":{"line":316,"column":41}},"80":{"start":{"line":317,"column":8},"end":{"line":317,"column":70}},"81":{"start":{"line":319,"column":8},"end":{"line":319,"column":43}},"82":{"start":{"line":321,"column":8},"end":{"line":321,"column":56}},"83":{"start":{"line":322,"column":8},"end":{"line":322,"column":47}},"84":{"start":{"line":324,"column":8},"end":{"line":324,"column":82}},"85":{"start":{"line":328,"column":8},"end":{"line":328,"column":63}},"86":{"start":{"line":330,"column":8},"end":{"line":330,"column":92}},"87":{"start":{"line":335,"column":8},"end":{"line":335,"column":35}},"88":{"start":{"line":337,"column":8},"end":{"line":337,"column":19}},"89":{"start":{"line":341,"column":8},"end":{"line":341,"column":45}},"90":{"start":{"line":345,"column":8},"end":{"line":345,"column":62}},"91":{"start":{"line":355,"column":8},"end":{"line":355,"column":32}},"92":{"start":{"line":356,"column":8},"end":{"line":356,"column":39}},"93":{"start":{"line":357,"column":8},"end":{"line":357,"column":42}},"94":{"start":{"line":358,"column":8},"end":{"line":358,"column":31}},"95":{"start":{"line":359,"column":8},"end":{"line":359,"column":46}},"96":{"start":{"line":360,"column":8},"end":{"line":360,"column":13007}},"97":{"start":{"line":361,"column":12},"end":{"line":361,"column":63}},"98":{"start":{"line":366,"column":8},"end":{"line":366,"column":51}},"99":{"start":{"line":370,"column":8},"end":{"line":370,"column":46}},"100":{"start":{"line":374,"column":8},"end":{"line":374,"column":52}},"101":{"start":{"line":378,"column":8},"end":{"line":378,"column":49}},"102":{"start":{"line":382,"column":8},"end":{"line":382,"column":49}},"103":{"start":{"line":383,"column":8},"end":{"line":383,"column":39}},"104":{"start":{"line":384,"column":8},"end":{"line":384,"column":13892}},"105":{"start":{"line":385,"column":12},"end":{"line":385,"column":63}},"106":{"start":{"line":390,"column":8},"end":{"line":390,"column":51}},"107":{"start":{"line":397,"column":8},"end":{"line":397,"column":65}},"108":{"start":{"line":398,"column":8},"end":{"line":398,"column":47}},"109":{"start":{"line":399,"column":8},"end":{"line":399,"column":57}},"110":{"start":{"line":403,"column":8},"end":{"line":403,"column":43}},"111":{"start":{"line":407,"column":8},"end":{"line":407,"column":41}},"112":{"start":{"line":408,"column":8},"end":{"line":408,"column":14798}},"113":{"start":{"line":409,"column":12},"end":{"line":409,"column":70}},"114":{"start":{"line":417,"column":8},"end":{"line":417,"column":59}}},"branchMap":{"1":{"line":25,"type":"if","locations":[{"start":{"line":25,"column":8},"end":{"line":25,"column":8}},{"start":{"line":25,"column":8},"end":{"line":25,"column":8}}]},"2":{"line":72,"type":"if","locations":[{"start":{"line":72,"column":8},"end":{"line":72,"column":8}},{"start":{"line":72,"column":8},"end":{"line":72,"column":8}}]},"3":{"line":77,"type":"if","locations":[{"start":{"line":77,"column":8},"end":{"line":77,"column":8}},{"start":{"line":77,"column":8},"end":{"line":77,"column":8}}]},"4":{"line":82,"type":"if","locations":[{"start":{"line":82,"column":8},"end":{"line":82,"column":8}},{"start":{"line":82,"column":8},"end":{"line":82,"column":8}}]},"5":{"line":87,"type":"if","locations":[{"start":{"line":87,"column":8},"end":{"line":87,"column":8}},{"start":{"line":87,"column":8},"end":{"line":87,"column":8}}]},"6":{"line":92,"type":"if","locations":[{"start":{"line":92,"column":8},"end":{"line":92,"column":8}},{"start":{"line":92,"column":8},"end":{"line":92,"column":8}}]},"7":{"line":102,"type":"if","locations":[{"start":{"line":102,"column":8},"end":{"line":102,"column":8}},{"start":{"line":102,"column":8},"end":{"line":102,"column":8}}]},"8":{"line":105,"type":"if","locations":[{"start":{"line":105,"column":8},"end":{"line":105,"column":8}},{"start":{"line":105,"column":8},"end":{"line":105,"column":8}}]},"9":{"line":106,"type":"if","locations":[{"start":{"line":106,"column":8},"end":{"line":106,"column":8}},{"start":{"line":106,"column":8},"end":{"line":106,"column":8}}]},"10":{"line":107,"type":"if","locations":[{"start":{"line":107,"column":12},"end":{"line":107,"column":12}},{"start":{"line":107,"column":12},"end":{"line":107,"column":12}}]},"11":{"line":111,"type":"if","locations":[{"start":{"line":111,"column":12},"end":{"line":111,"column":12}},{"start":{"line":111,"column":12},"end":{"line":111,"column":12}}]},"12":{"line":137,"type":"if","locations":[{"start":{"line":137,"column":8},"end":{"line":137,"column":8}},{"start":{"line":137,"column":8},"end":{"line":137,"column":8}}]},"13":{"line":138,"type":"if","locations":[{"start":{"line":138,"column":8},"end":{"line":138,"column":8}},{"start":{"line":138,"column":8},"end":{"line":138,"column":8}}]},"14":{"line":139,"type":"if","locations":[{"start":{"line":139,"column":8},"end":{"line":139,"column":8}},{"start":{"line":139,"column":8},"end":{"line":139,"column":8}}]},"15":{"line":164,"type":"if","locations":[{"start":{"line":164,"column":8},"end":{"line":164,"column":8}},{"start":{"line":164,"column":8},"end":{"line":164,"column":8}}]},"16":{"line":186,"type":"if","locations":[{"start":{"line":186,"column":8},"end":{"line":186,"column":8}},{"start":{"line":186,"column":8},"end":{"line":186,"column":8}}]},"17":{"line":232,"type":"if","locations":[{"start":{"line":232,"column":8},"end":{"line":232,"column":8}},{"start":{"line":232,"column":8},"end":{"line":232,"column":8}}]},"18":{"line":233,"type":"if","locations":[{"start":{"line":233,"column":8},"end":{"line":233,"column":8}},{"start":{"line":233,"column":8},"end":{"line":233,"column":8}}]},"19":{"line":237,"type":"if","locations":[{"start":{"line":237,"column":8},"end":{"line":237,"column":8}},{"start":{"line":237,"column":8},"end":{"line":237,"column":8}}]},"20":{"line":265,"type":"if","locations":[{"start":{"line":265,"column":12},"end":{"line":265,"column":12}},{"start":{"line":265,"column":12},"end":{"line":265,"column":12}}]},"21":{"line":298,"type":"if","locations":[{"start":{"line":298,"column":8},"end":{"line":298,"column":8}},{"start":{"line":298,"column":8},"end":{"line":298,"column":8}}]},"22":{"line":307,"type":"if","locations":[{"start":{"line":307,"column":8},"end":{"line":307,"column":8}},{"start":{"line":307,"column":8},"end":{"line":307,"column":8}}]},"23":{"line":317,"type":"if","locations":[{"start":{"line":317,"column":8},"end":{"line":317,"column":8}},{"start":{"line":317,"column":8},"end":{"line":317,"column":8}}]},"24":{"line":322,"type":"if","locations":[{"start":{"line":322,"column":8},"end":{"line":322,"column":8}},{"start":{"line":322,"column":8},"end":{"line":322,"column":8}}]},"25":{"line":324,"type":"if","locations":[{"start":{"line":324,"column":8},"end":{"line":324,"column":8}},{"start":{"line":324,"column":8},"end":{"line":324,"column":8}}]}}},"contracts/IEvrynetStaking.sol":{"l":{},"path":"/Users/nguyenducquang/workspace/smart-contract/evrynet-smartcontracts/contracts/IEvrynetStaking.sol","s":{},"b":{},"f":{},"fnMap":{},"statementMap":{},"branchMap":{}},"contracts/SafeMath.sol":{"l":{"8":0,"9":0,"10":0,"14":36,"15":36,"16":36,"17":36,"21":71,"22":71,"26":52,"27":52,"28":52,"32":0,"36":0},"path":"/Users/nguyenducquang/workspace/smart-contract/evrynet-smartcontracts/contracts/SafeMath.sol","s":{"1":0,"2":0,"3":0,"4":36,"5":36,"6":36,"7":36,"8":71,"9":71,"10":52,"11":52,"12":52,"13":0,"14":0},"b":{"1":[0,0],"2":[36,0],"3":[36,0],"4":[71,0],"5":[52,0]},"f":{"1":0,"2":36,"3":71,"4":52,"5":0,"6":0},"fnMap":{"1":{"name":"mul","line":7,"loc":{"start":{"line":7,"column":4},"end":{"line":7,"column":59}}},"2":{"name":"div","line":13,"loc":{"start":{"line":13,"column":4},"end":{"line":13,"column":59}}},"3":{"name":"sub","line":20,"loc":{"start":{"line":20,"column":4},"end":{"line":20,"column":59}}},"4":{"name":"add","line":25,"loc":{"start":{"line":25,"column":4},"end":{"line":25,"column":59}}},"5":{"name":"max","line":31,"loc":{"start":{"line":31,"column":4},"end":{"line":31,"column":59}}},"6":{"name":"min","line":35,"loc":{"start":{"line":35,"column":4},"end":{"line":35,"column":59}}}},"statementMap":{"1":{"start":{"line":8,"column":8},"end":{"line":8,"column":22}},"2":{"start":{"line":9,"column":8},"end":{"line":9,"column":36}},"3":{"start":{"line":10,"column":8},"end":{"line":10,"column":16}},"4":{"start":{"line":14,"column":8},"end":{"line":14,"column":21}},"5":{"start":{"line":15,"column":8},"end":{"line":15,"column":22}},"6":{"start":{"line":16,"column":8},"end":{"line":16,"column":34}},"7":{"start":{"line":17,"column":8},"end":{"line":17,"column":16}},"8":{"start":{"line":21,"column":8},"end":{"line":21,"column":22}},"9":{"start":{"line":22,"column":8},"end":{"line":22,"column":20}},"10":{"start":{"line":26,"column":8},"end":{"line":26,"column":22}},"11":{"start":{"line":27,"column":8},"end":{"line":27,"column":22}},"12":{"start":{"line":28,"column":8},"end":{"line":28,"column":16}},"13":{"start":{"line":32,"column":8},"end":{"line":32,"column":29}},"14":{"start":{"line":36,"column":8},"end":{"line":36,"column":28}}},"branchMap":{"1":{"line":9,"type":"if","locations":[{"start":{"line":9,"column":8},"end":{"line":9,"column":8}},{"start":{"line":9,"column":8},"end":{"line":9,"column":8}}]},"2":{"line":14,"type":"if","locations":[{"start":{"line":14,"column":8},"end":{"line":14,"column":8}},{"start":{"line":14,"column":8},"end":{"line":14,"column":8}}]},"3":{"line":16,"type":"if","locations":[{"start":{"line":16,"column":8},"end":{"line":16,"column":8}},{"start":{"line":16,"column":8},"end":{"line":16,"column":8}}]},"4":{"line":21,"type":"if","locations":[{"start":{"line":21,"column":8},"end":{"line":21,"column":8}},{"start":{"line":21,"column":8},"end":{"line":21,"column":8}}]},"5":{"line":27,"type":"if","locations":[{"start":{"line":27,"column":8},"end":{"line":27,"column":8}},{"start":{"line":27,"column":8},"end":{"line":27,"column":8}}]}}}}