{"contracts/attackVector/EvrynetReentrancy.sol":{"l":{"14":1,"18":1,"22":1,"26":2,"27":2,"28":2,"32":2,"33":0,"34":2,"35":0},"path":"/Users/nguyenducquang/workspace/smart-contract/evrynet-smartcontracts/contracts/attackVector/EvrynetReentrancy.sol","s":{"1":1,"2":1,"3":1,"4":2,"5":2,"6":2,"7":2,"8":0,"9":0},"b":{"1":[0,2],"2":[0,2],"3":[0,0]},"f":{"1":1,"2":1,"3":1,"4":2,"5":2},"fnMap":{"1":{"name":"constructor","line":13,"loc":{"start":{"line":13,"column":4},"end":{"line":13,"column":40}}},"2":{"name":"vote","line":17,"loc":{"start":{"line":17,"column":4},"end":{"line":17,"column":53}}},"3":{"name":"unvote","line":21,"loc":{"start":{"line":21,"column":4},"end":{"line":21,"column":63}}},"4":{"name":"doubleWithdraw","line":25,"loc":{"start":{"line":25,"column":4},"end":{"line":25,"column":50}}},"5":{"name":"","line":31,"loc":{"start":{"line":31,"column":4},"end":{"line":31,"column":29}}}},"statementMap":{"1":{"start":{"line":14,"column":8},"end":{"line":14,"column":46}},"2":{"start":{"line":18,"column":8},"end":{"line":18,"column":38}},"3":{"start":{"line":22,"column":8},"end":{"line":22,"column":44}},"4":{"start":{"line":26,"column":8},"end":{"line":26,"column":18}},"5":{"start":{"line":27,"column":8},"end":{"line":27,"column":21}},"6":{"start":{"line":28,"column":8},"end":{"line":28,"column":76}},"7":{"start":{"line":32,"column":8},"end":{"line":32,"column":819}},"8":{"start":{"line":33,"column":12},"end":{"line":33,"column":18}},"9":{"start":{"line":35,"column":8},"end":{"line":35,"column":80}}},"branchMap":{"1":{"line":28,"type":"if","locations":[{"start":{"line":28,"column":8},"end":{"line":28,"column":8}},{"start":{"line":28,"column":8},"end":{"line":28,"column":8}}]},"2":{"line":32,"type":"if","locations":[{"start":{"line":32,"column":8},"end":{"line":32,"column":8}},{"start":{"line":32,"column":8},"end":{"line":32,"column":8}}]},"3":{"line":35,"type":"if","locations":[{"start":{"line":35,"column":8},"end":{"line":35,"column":8}},{"start":{"line":35,"column":8},"end":{"line":35,"column":8}}]}}},"contracts/attackVector/MockEvrynetStaking.sol":{"l":{},"path":"/Users/nguyenducquang/workspace/smart-contract/evrynet-smartcontracts/contracts/attackVector/MockEvrynetStaking.sol","s":{},"b":{},"f":{},"fnMap":{},"statementMap":{},"branchMap":{}},"contracts/EvrynetStaking.sol":{"l":{"21":20,"22":20,"23":20,"24":6,"33":0,"34":0,"35":0,"39":17,"40":17,"41":17,"42":17,"46":38,"47":38,"51":26,"52":26,"53":26,"57":0,"61":0,"109":15,"110":11,"114":14,"115":10,"119":4,"120":2,"124":4,"125":2,"129":10,"130":8,"139":13,"140":11,"141":11,"142":11,"143":9,"144":2,"147":7,"148":7,"150":5,"174":4,"175":4,"177":4,"178":4,"179":4,"180":4,"182":4,"184":4,"185":4,"186":9,"191":9,"192":9,"195":4,"196":4,"202":4,"203":2,"207":1,"211":1,"221":6,"222":6,"224":6,"226":5,"229":6,"230":6,"232":6,"244":5,"245":5,"247":5,"249":5,"252":5,"253":5,"255":5,"257":5,"270":2,"271":2,"273":2,"275":2,"277":2,"282":2,"283":2,"285":2,"297":2,"299":2,"302":2,"303":4,"304":2,"305":2,"306":2,"307":2,"311":2,"313":2,"314":2,"316":2,"319":2,"320":2,"322":2,"324":2,"335":7,"336":7,"338":5,"340":5,"341":5,"345":5,"348":3,"350":1,"354":0,"355":0,"357":0,"359":0,"361":0,"362":0,"364":0,"366":0,"368":0,"369":0,"370":0,"373":0,"375":0,"379":1,"383":17,"393":2,"394":2,"395":2,"396":2,"397":2,"398":2,"399":5,"404":4,"408":4,"412":3,"416":1,"420":2,"421":2,"422":2,"423":3,"428":3,"435":2,"436":2,"437":2,"441":2,"445":1,"446":1,"447":2,"455":9},"path":"/Users/nguyenducquang/workspace/smart-contract/evrynet-smartcontracts/contracts/EvrynetStaking.sol","s":{"1":20,"2":20,"3":6,"4":0,"5":0,"6":0,"7":17,"8":17,"9":17,"10":17,"11":38,"12":38,"13":26,"14":26,"15":26,"16":0,"17":0,"18":15,"19":14,"20":4,"21":4,"22":10,"23":13,"24":11,"25":11,"26":11,"27":9,"28":2,"29":7,"30":7,"31":4,"32":4,"33":4,"34":4,"35":4,"36":4,"37":4,"38":4,"39":4,"40":9,"41":9,"42":9,"43":4,"44":4,"45":4,"46":2,"47":1,"48":1,"49":6,"50":6,"51":6,"52":5,"53":6,"54":6,"55":6,"56":5,"57":5,"58":5,"59":5,"60":5,"61":5,"62":5,"63":5,"64":2,"65":2,"66":2,"67":2,"68":2,"69":2,"70":2,"71":2,"72":2,"73":2,"74":2,"75":4,"76":2,"77":2,"78":2,"79":2,"80":2,"81":2,"82":2,"83":2,"84":2,"85":7,"86":7,"87":5,"88":5,"89":5,"90":5,"91":3,"92":1,"93":0,"94":0,"95":0,"96":0,"97":0,"98":0,"99":0,"100":0,"101":0,"102":0,"103":1,"104":17,"105":2,"106":2,"107":2,"108":2,"109":2,"110":2,"111":5,"112":4,"113":4,"114":3,"115":1,"116":2,"117":2,"118":2,"119":3,"120":3,"121":2,"122":2,"123":2,"124":2,"125":1,"126":1,"127":2,"128":9},"b":{"1":[6,0],"2":[0,0],"3":[17,0],"4":[17,0],"5":[38,0],"6":[26,0],"7":[11,4],"8":[10,4],"9":[2,2],"10":[2,2],"11":[8,2],"12":[11,2],"13":[9,2],"14":[2,7],"15":[0,2],"16":[5,2],"17":[4,0],"18":[4,0],"19":[4,0],"20":[2,2],"21":[5,1],"22":[2,0],"23":[2,0],"24":[2,0],"25":[2,2],"26":[5,2],"27":[3,2],"28":[0,0],"29":[0,0],"30":[0,0]},"f":{"1":20,"2":0,"3":17,"4":38,"5":26,"6":0,"7":0,"8":15,"9":14,"10":4,"11":4,"12":10,"13":13,"14":4,"15":1,"16":4,"17":1,"18":1,"19":6,"20":5,"21":2,"22":2,"23":7,"24":0,"25":1,"26":17,"27":2,"28":4,"29":4,"30":3,"31":1,"32":2,"33":3,"34":2,"35":2,"36":1,"37":9},"fnMap":{"1":{"name":"nonReentrant","line":20,"loc":{"start":{"line":20,"column":4},"end":{"line":20,"column":25}}},"2":{"name":"mul","line":32,"loc":{"start":{"line":32,"column":4},"end":{"line":32,"column":59}}},"3":{"name":"div","line":38,"loc":{"start":{"line":38,"column":4},"end":{"line":38,"column":59}}},"4":{"name":"sub","line":45,"loc":{"start":{"line":45,"column":4},"end":{"line":45,"column":59}}},"5":{"name":"add","line":50,"loc":{"start":{"line":50,"column":4},"end":{"line":50,"column":59}}},"6":{"name":"max","line":56,"loc":{"start":{"line":56,"column":4},"end":{"line":56,"column":59}}},"7":{"name":"min","line":60,"loc":{"start":{"line":60,"column":4},"end":{"line":60,"column":59}}},"8":{"name":"onlyAdmin","line":108,"loc":{"start":{"line":108,"column":4},"end":{"line":108,"column":20}}},"9":{"name":"onlyActiveCandidate","line":113,"loc":{"start":{"line":113,"column":4},"end":{"line":113,"column":49}}},"10":{"name":"onlyNotCandidate","line":118,"loc":{"start":{"line":118,"column":4},"end":{"line":118,"column":46}}},"11":{"name":"onlyCandidateOwner","line":123,"loc":{"start":{"line":123,"column":4},"end":{"line":123,"column":48}}},"12":{"name":"onlyValidVoteCap","line":128,"loc":{"start":{"line":128,"column":4},"end":{"line":128,"column":27}}},"13":{"name":"onlyValidUnvoteAmount","line":138,"loc":{"start":{"line":138,"column":4},"end":{"line":138,"column":67}}},"14":{"name":"constructor","line":164,"loc":{"start":{"line":164,"column":4},"end":{"line":173,"column":5}}},"15":{"name":"","line":199,"loc":{"start":{"line":199,"column":4},"end":{"line":199,"column":30}}},"16":{"name":"transferAdmin","line":201,"loc":{"start":{"line":201,"column":4},"end":{"line":201,"column":61}}},"17":{"name":"updateMinValidateStake","line":206,"loc":{"start":{"line":206,"column":4},"end":{"line":206,"column":66}}},"18":{"name":"updateMinVoteCap","line":210,"loc":{"start":{"line":210,"column":4},"end":{"line":210,"column":60}}},"19":{"name":"vote","line":220,"loc":{"start":{"line":220,"column":4},"end":{"line":220,"column":99}}},"20":{"name":"unvote","line":243,"loc":{"start":{"line":243,"column":4},"end":{"line":243,"column":112}}},"21":{"name":"register","line":269,"loc":{"start":{"line":269,"column":4},"end":{"line":269,"column":103}}},"22":{"name":"resign","line":296,"loc":{"start":{"line":296,"column":4},"end":{"line":296,"column":109}}},"23":{"name":"withdraw","line":334,"loc":{"start":{"line":334,"column":4},"end":{"line":334,"column":96}}},"24":{"name":"withdrawWithIndex","line":353,"loc":{"start":{"line":353,"column":4},"end":{"line":353,"column":117}}},"25":{"name":"updateMaxValidatorSize","line":378,"loc":{"start":{"line":378,"column":4},"end":{"line":378,"column":78}}},"26":{"name":"getCurrentEpoch","line":382,"loc":{"start":{"line":382,"column":4},"end":{"line":382,"column":54}}},"27":{"name":"getListCandidates","line":389,"loc":{"start":{"line":389,"column":4},"end":{"line":392,"column":5}}},"28":{"name":"getCandidateStake","line":403,"loc":{"start":{"line":403,"column":4},"end":{"line":403,"column":77}}},"29":{"name":"getCandidateOwner","line":407,"loc":{"start":{"line":407,"column":4},"end":{"line":407,"column":77}}},"30":{"name":"isCandidate","line":411,"loc":{"start":{"line":411,"column":4},"end":{"line":411,"column":68}}},"31":{"name":"getWithdrawEpochs","line":415,"loc":{"start":{"line":415,"column":4},"end":{"line":415,"column":72}}},"32":{"name":"getWithdrawEpochsAndCaps","line":419,"loc":{"start":{"line":419,"column":4},"end":{"line":419,"column":99}}},"33":{"name":"getWithdrawCap","line":427,"loc":{"start":{"line":427,"column":4},"end":{"line":427,"column":67}}},"34":{"name":"getCandidateData","line":431,"loc":{"start":{"line":431,"column":4},"end":{"line":434,"column":5}}},"35":{"name":"getVoters","line":440,"loc":{"start":{"line":440,"column":4},"end":{"line":440,"column":85}}},"36":{"name":"getVoterStakes","line":444,"loc":{"start":{"line":444,"column":4},"end":{"line":444,"column":112}}},"37":{"name":"getVoterStake","line":451,"loc":{"start":{"line":451,"column":4},"end":{"line":454,"column":5}}}},"statementMap":{"1":{"start":{"line":21,"column":8},"end":{"line":21,"column":24}},"2":{"start":{"line":22,"column":8},"end":{"line":22,"column":43}},"3":{"start":{"line":24,"column":8},"end":{"line":24,"column":57}},"4":{"start":{"line":33,"column":8},"end":{"line":33,"column":22}},"5":{"start":{"line":34,"column":8},"end":{"line":34,"column":36}},"6":{"start":{"line":35,"column":8},"end":{"line":35,"column":16}},"7":{"start":{"line":39,"column":8},"end":{"line":39,"column":21}},"8":{"start":{"line":40,"column":8},"end":{"line":40,"column":22}},"9":{"start":{"line":41,"column":8},"end":{"line":41,"column":34}},"10":{"start":{"line":42,"column":8},"end":{"line":42,"column":16}},"11":{"start":{"line":46,"column":8},"end":{"line":46,"column":22}},"12":{"start":{"line":47,"column":8},"end":{"line":47,"column":20}},"13":{"start":{"line":51,"column":8},"end":{"line":51,"column":22}},"14":{"start":{"line":52,"column":8},"end":{"line":52,"column":22}},"15":{"start":{"line":53,"column":8},"end":{"line":53,"column":16}},"16":{"start":{"line":57,"column":8},"end":{"line":57,"column":29}},"17":{"start":{"line":61,"column":8},"end":{"line":61,"column":28}},"18":{"start":{"line":109,"column":8},"end":{"line":109,"column":49}},"19":{"start":{"line":114,"column":8},"end":{"line":114,"column":85}},"20":{"start":{"line":119,"column":8},"end":{"line":119,"column":90}},"21":{"start":{"line":124,"column":8},"end":{"line":124,"column":73}},"22":{"start":{"line":129,"column":8},"end":{"line":129,"column":58}},"23":{"start":{"line":139,"column":8},"end":{"line":139,"column":51}},"24":{"start":{"line":140,"column":8},"end":{"line":140,"column":34}},"25":{"start":{"line":141,"column":8},"end":{"line":141,"column":69}},"26":{"start":{"line":142,"column":8},"end":{"line":142,"column":58}},"27":{"start":{"line":143,"column":8},"end":{"line":143,"column":3981}},"28":{"start":{"line":144,"column":12},"end":{"line":144,"column":95}},"29":{"start":{"line":147,"column":12},"end":{"line":147,"column":49}},"30":{"start":{"line":148,"column":12},"end":{"line":148,"column":84}},"31":{"start":{"line":174,"column":8},"end":{"line":174,"column":58}},"32":{"start":{"line":175,"column":8},"end":{"line":175,"column":80}},"33":{"start":{"line":177,"column":8},"end":{"line":177,"column":33}},"34":{"start":{"line":178,"column":8},"end":{"line":178,"column":43}},"35":{"start":{"line":179,"column":8},"end":{"line":179,"column":45}},"36":{"start":{"line":180,"column":8},"end":{"line":180,"column":32}},"37":{"start":{"line":182,"column":8},"end":{"line":182,"column":84}},"38":{"start":{"line":184,"column":8},"end":{"line":184,"column":31}},"39":{"start":{"line":185,"column":8},"end":{"line":185,"column":5702}},"40":{"start":{"line":186,"column":12},"end":{"line":186,"column":5766}},"41":{"start":{"line":191,"column":12},"end":{"line":191,"column":92}},"42":{"start":{"line":192,"column":12},"end":{"line":192,"column":67}},"43":{"start":{"line":195,"column":8},"end":{"line":195,"column":21}},"44":{"start":{"line":196,"column":8},"end":{"line":196,"column":31}},"45":{"start":{"line":202,"column":8},"end":{"line":202,"column":49}},"46":{"start":{"line":203,"column":8},"end":{"line":203,"column":23}},"47":{"start":{"line":207,"column":8},"end":{"line":207,"column":34}},"48":{"start":{"line":211,"column":8},"end":{"line":211,"column":28}},"49":{"start":{"line":221,"column":8},"end":{"line":221,"column":31}},"50":{"start":{"line":222,"column":8},"end":{"line":222,"column":34}},"51":{"start":{"line":224,"column":8},"end":{"line":224,"column":6984}},"52":{"start":{"line":226,"column":12},"end":{"line":226,"column":49}},"53":{"start":{"line":229,"column":8},"end":{"line":229,"column":106}},"54":{"start":{"line":230,"column":8},"end":{"line":230,"column":92}},"55":{"start":{"line":232,"column":8},"end":{"line":232,"column":44}},"56":{"start":{"line":244,"column":8},"end":{"line":244,"column":41}},"57":{"start":{"line":245,"column":8},"end":{"line":245,"column":34}},"58":{"start":{"line":247,"column":8},"end":{"line":247,"column":106}},"59":{"start":{"line":249,"column":8},"end":{"line":249,"column":92}},"60":{"start":{"line":252,"column":8},"end":{"line":252,"column":63}},"61":{"start":{"line":253,"column":8},"end":{"line":253,"column":104}},"62":{"start":{"line":255,"column":8},"end":{"line":255,"column":55}},"63":{"start":{"line":257,"column":8},"end":{"line":257,"column":46}},"64":{"start":{"line":270,"column":8},"end":{"line":270,"column":73}},"65":{"start":{"line":271,"column":8},"end":{"line":271,"column":65}},"66":{"start":{"line":273,"column":8},"end":{"line":273,"column":65}},"67":{"start":{"line":275,"column":8},"end":{"line":275,"column":73}},"68":{"start":{"line":277,"column":8},"end":{"line":277,"column":9361}},"69":{"start":{"line":282,"column":8},"end":{"line":282,"column":34}},"70":{"start":{"line":283,"column":8},"end":{"line":283,"column":47}},"71":{"start":{"line":285,"column":8},"end":{"line":285,"column":43}},"72":{"start":{"line":297,"column":8},"end":{"line":297,"column":42}},"73":{"start":{"line":299,"column":8},"end":{"line":299,"column":41}},"74":{"start":{"line":302,"column":8},"end":{"line":302,"column":10252}},"75":{"start":{"line":303,"column":12},"end":{"line":303,"column":10314}},"76":{"start":{"line":304,"column":16},"end":{"line":304,"column":64}},"77":{"start":{"line":311,"column":8},"end":{"line":311,"column":52}},"78":{"start":{"line":313,"column":8},"end":{"line":313,"column":69}},"79":{"start":{"line":314,"column":8},"end":{"line":314,"column":54}},"80":{"start":{"line":316,"column":8},"end":{"line":316,"column":98}},"81":{"start":{"line":319,"column":8},"end":{"line":319,"column":65}},"82":{"start":{"line":320,"column":8},"end":{"line":320,"column":104}},"83":{"start":{"line":322,"column":8},"end":{"line":322,"column":53}},"84":{"start":{"line":324,"column":8},"end":{"line":324,"column":43}},"85":{"start":{"line":335,"column":8},"end":{"line":335,"column":41}},"86":{"start":{"line":336,"column":8},"end":{"line":336,"column":70}},"87":{"start":{"line":338,"column":8},"end":{"line":338,"column":43}},"88":{"start":{"line":340,"column":8},"end":{"line":340,"column":56}},"89":{"start":{"line":341,"column":8},"end":{"line":341,"column":45}},"90":{"start":{"line":345,"column":8},"end":{"line":345,"column":47}},"91":{"start":{"line":348,"column":8},"end":{"line":348,"column":35}},"92":{"start":{"line":350,"column":8},"end":{"line":350,"column":19}},"93":{"start":{"line":354,"column":8},"end":{"line":354,"column":41}},"94":{"start":{"line":355,"column":8},"end":{"line":355,"column":70}},"95":{"start":{"line":357,"column":8},"end":{"line":357,"column":43}},"96":{"start":{"line":359,"column":8},"end":{"line":359,"column":82}},"97":{"start":{"line":361,"column":8},"end":{"line":361,"column":56}},"98":{"start":{"line":362,"column":8},"end":{"line":362,"column":47}},"99":{"start":{"line":366,"column":8},"end":{"line":366,"column":63}},"100":{"start":{"line":368,"column":8},"end":{"line":368,"column":92}},"101":{"start":{"line":373,"column":8},"end":{"line":373,"column":35}},"102":{"start":{"line":375,"column":8},"end":{"line":375,"column":19}},"103":{"start":{"line":379,"column":8},"end":{"line":379,"column":45}},"104":{"start":{"line":383,"column":8},"end":{"line":383,"column":62}},"105":{"start":{"line":393,"column":8},"end":{"line":393,"column":32}},"106":{"start":{"line":394,"column":8},"end":{"line":394,"column":39}},"107":{"start":{"line":395,"column":8},"end":{"line":395,"column":42}},"108":{"start":{"line":396,"column":8},"end":{"line":396,"column":31}},"109":{"start":{"line":397,"column":8},"end":{"line":397,"column":46}},"110":{"start":{"line":398,"column":8},"end":{"line":398,"column":13836}},"111":{"start":{"line":399,"column":12},"end":{"line":399,"column":63}},"112":{"start":{"line":404,"column":8},"end":{"line":404,"column":51}},"113":{"start":{"line":408,"column":8},"end":{"line":408,"column":46}},"114":{"start":{"line":412,"column":8},"end":{"line":412,"column":52}},"115":{"start":{"line":416,"column":8},"end":{"line":416,"column":49}},"116":{"start":{"line":420,"column":8},"end":{"line":420,"column":49}},"117":{"start":{"line":421,"column":8},"end":{"line":421,"column":39}},"118":{"start":{"line":422,"column":8},"end":{"line":422,"column":14721}},"119":{"start":{"line":423,"column":12},"end":{"line":423,"column":63}},"120":{"start":{"line":428,"column":8},"end":{"line":428,"column":51}},"121":{"start":{"line":435,"column":8},"end":{"line":435,"column":65}},"122":{"start":{"line":436,"column":8},"end":{"line":436,"column":47}},"123":{"start":{"line":437,"column":8},"end":{"line":437,"column":57}},"124":{"start":{"line":441,"column":8},"end":{"line":441,"column":43}},"125":{"start":{"line":445,"column":8},"end":{"line":445,"column":41}},"126":{"start":{"line":446,"column":8},"end":{"line":446,"column":15627}},"127":{"start":{"line":447,"column":12},"end":{"line":447,"column":70}},"128":{"start":{"line":455,"column":8},"end":{"line":455,"column":59}}},"branchMap":{"1":{"line":24,"type":"if","locations":[{"start":{"line":24,"column":8},"end":{"line":24,"column":8}},{"start":{"line":24,"column":8},"end":{"line":24,"column":8}}]},"2":{"line":34,"type":"if","locations":[{"start":{"line":34,"column":8},"end":{"line":34,"column":8}},{"start":{"line":34,"column":8},"end":{"line":34,"column":8}}]},"3":{"line":39,"type":"if","locations":[{"start":{"line":39,"column":8},"end":{"line":39,"column":8}},{"start":{"line":39,"column":8},"end":{"line":39,"column":8}}]},"4":{"line":41,"type":"if","locations":[{"start":{"line":41,"column":8},"end":{"line":41,"column":8}},{"start":{"line":41,"column":8},"end":{"line":41,"column":8}}]},"5":{"line":46,"type":"if","locations":[{"start":{"line":46,"column":8},"end":{"line":46,"column":8}},{"start":{"line":46,"column":8},"end":{"line":46,"column":8}}]},"6":{"line":52,"type":"if","locations":[{"start":{"line":52,"column":8},"end":{"line":52,"column":8}},{"start":{"line":52,"column":8},"end":{"line":52,"column":8}}]},"7":{"line":109,"type":"if","locations":[{"start":{"line":109,"column":8},"end":{"line":109,"column":8}},{"start":{"line":109,"column":8},"end":{"line":109,"column":8}}]},"8":{"line":114,"type":"if","locations":[{"start":{"line":114,"column":8},"end":{"line":114,"column":8}},{"start":{"line":114,"column":8},"end":{"line":114,"column":8}}]},"9":{"line":119,"type":"if","locations":[{"start":{"line":119,"column":8},"end":{"line":119,"column":8}},{"start":{"line":119,"column":8},"end":{"line":119,"column":8}}]},"10":{"line":124,"type":"if","locations":[{"start":{"line":124,"column":8},"end":{"line":124,"column":8}},{"start":{"line":124,"column":8},"end":{"line":124,"column":8}}]},"11":{"line":129,"type":"if","locations":[{"start":{"line":129,"column":8},"end":{"line":129,"column":8}},{"start":{"line":129,"column":8},"end":{"line":129,"column":8}}]},"12":{"line":139,"type":"if","locations":[{"start":{"line":139,"column":8},"end":{"line":139,"column":8}},{"start":{"line":139,"column":8},"end":{"line":139,"column":8}}]},"13":{"line":142,"type":"if","locations":[{"start":{"line":142,"column":8},"end":{"line":142,"column":8}},{"start":{"line":142,"column":8},"end":{"line":142,"column":8}}]},"14":{"line":143,"type":"if","locations":[{"start":{"line":143,"column":8},"end":{"line":143,"column":8}},{"start":{"line":143,"column":8},"end":{"line":143,"column":8}}]},"15":{"line":144,"type":"if","locations":[{"start":{"line":144,"column":12},"end":{"line":144,"column":12}},{"start":{"line":144,"column":12},"end":{"line":144,"column":12}}]},"16":{"line":148,"type":"if","locations":[{"start":{"line":148,"column":12},"end":{"line":148,"column":12}},{"start":{"line":148,"column":12},"end":{"line":148,"column":12}}]},"17":{"line":174,"type":"if","locations":[{"start":{"line":174,"column":8},"end":{"line":174,"column":8}},{"start":{"line":174,"column":8},"end":{"line":174,"column":8}}]},"18":{"line":175,"type":"if","locations":[{"start":{"line":175,"column":8},"end":{"line":175,"column":8}},{"start":{"line":175,"column":8},"end":{"line":175,"column":8}}]},"19":{"line":182,"type":"if","locations":[{"start":{"line":182,"column":8},"end":{"line":182,"column":8}},{"start":{"line":182,"column":8},"end":{"line":182,"column":8}}]},"20":{"line":202,"type":"if","locations":[{"start":{"line":202,"column":8},"end":{"line":202,"column":8}},{"start":{"line":202,"column":8},"end":{"line":202,"column":8}}]},"21":{"line":224,"type":"if","locations":[{"start":{"line":224,"column":8},"end":{"line":224,"column":8}},{"start":{"line":224,"column":8},"end":{"line":224,"column":8}}]},"22":{"line":270,"type":"if","locations":[{"start":{"line":270,"column":8},"end":{"line":270,"column":8}},{"start":{"line":270,"column":8},"end":{"line":270,"column":8}}]},"23":{"line":271,"type":"if","locations":[{"start":{"line":271,"column":8},"end":{"line":271,"column":8}},{"start":{"line":271,"column":8},"end":{"line":271,"column":8}}]},"24":{"line":275,"type":"if","locations":[{"start":{"line":275,"column":8},"end":{"line":275,"column":8}},{"start":{"line":275,"column":8},"end":{"line":275,"column":8}}]},"25":{"line":303,"type":"if","locations":[{"start":{"line":303,"column":12},"end":{"line":303,"column":12}},{"start":{"line":303,"column":12},"end":{"line":303,"column":12}}]},"26":{"line":336,"type":"if","locations":[{"start":{"line":336,"column":8},"end":{"line":336,"column":8}},{"start":{"line":336,"column":8},"end":{"line":336,"column":8}}]},"27":{"line":345,"type":"if","locations":[{"start":{"line":345,"column":8},"end":{"line":345,"column":8}},{"start":{"line":345,"column":8},"end":{"line":345,"column":8}}]},"28":{"line":355,"type":"if","locations":[{"start":{"line":355,"column":8},"end":{"line":355,"column":8}},{"start":{"line":355,"column":8},"end":{"line":355,"column":8}}]},"29":{"line":359,"type":"if","locations":[{"start":{"line":359,"column":8},"end":{"line":359,"column":8}},{"start":{"line":359,"column":8},"end":{"line":359,"column":8}}]},"30":{"line":362,"type":"if","locations":[{"start":{"line":362,"column":8},"end":{"line":362,"column":8}},{"start":{"line":362,"column":8},"end":{"line":362,"column":8}}]}}},"contracts/IEvrynetStaking.sol":{"l":{},"path":"/Users/nguyenducquang/workspace/smart-contract/evrynet-smartcontracts/contracts/IEvrynetStaking.sol","s":{},"b":{},"f":{},"fnMap":{},"statementMap":{},"branchMap":{}}}